<?xml version="1.0" encoding="UTF-8"?>
<!-- Generated by org.testng.reporters.JUnitReportReporter -->
<testsuite hostname="DESKTOP-4FNSU5I" failures="0" tests="2" name="com.example.course.CourseDBTest" time="0.814" errors="0" timestamp="2026-04-20T12:15:49 IST" skipped="0">
  <testcase classname="com.example.course.CourseDBTest" name="printEnrolledStudents" time="0.032"/>
  <testcase classname="com.example.course.CourseDBTest" name="printAvailableCourses" time="0.782"/>
</testsuite> <!-- com.example.course.CourseDBTest -->
