<?xml version="1.0" encoding="UTF-8"?>
<!-- Generated by org.testng.reporters.JUnitReportReporter -->
<testsuite hostname="DESKTOP-4FNSU5I" failures="0" tests="2" name="com.example.course.CourseServiceTest" time="1.024" errors="0" timestamp="2026-04-20T11:38:13 IST" skipped="0">
  <testcase classname="com.example.course.CourseServiceTest" name="testEnrollCourse" time="0.681"/>
  <testcase classname="com.example.course.CourseServiceTest" name="testAvailableCourses" time="0.343"/>
</testsuite> <!-- com.example.course.CourseServiceTest -->
